# JRE version: OpenJDK Runtime Environment (17.0.9) (build 17.0.9+0--11185874)
# Java VM: OpenJDK 64-Bit Server VM (17.0.9+0--11185874, mixed mode, tiered, compressed oops, compressed class ptrs, g1 gc, windows-amd64)
GC Precious Log:
 CPUs: 8 total, 8 available
 Memory: 7957M
 Large Page Support: Disabled
 NUMA Support: Disabled
 Compressed Oops: Enabled (32-bit)
 Heap Region Size: 1M
 Heap Min Capacity: 8M
 Heap Initial Capacity: 126M
 Heap Max Capacity: 2G
 Pre-touch: Disabled
 Parallel Workers: 8
 Concurrent Workers: 2
 Concurrent Refinement Workers: 8
 Periodic GC: Disabled
Heap:
 garbage-first heap   total 195584K, used 142049K [0x0000000080000000, 0x0000000100000000)
  region size 1024K, 4 young (4096K), 4 survivors (4096K)
 Metaspace       used 109867K, committed 110720K, reserved 1179648K
  class space    used 15055K, committed 15424K, reserved 1048576K
GC Heap History (20 events):
Event: 70.289 GC heap after
{Heap after GC invocations=66 (full 0):
 garbage-first heap   total 135168K, used 102613K [0x0000000080000000, 0x0000000100000000)
  region size 1024K, 3 young (3072K), 3 survivors (3072K)
 Metaspace       used 102826K, committed 103616K, reserved 1179648K
  class space    used 13963K, committed 14336K, reserved 1048576K
}
Event: 70.426 GC heap before
{Heap before GC invocations=66 (full 0):
 garbage-first heap   total 135168K, used 113877K [0x0000000080000000, 0x0000000100000000)
  region size 1024K, 15 young (15360K), 3 survivors (3072K)
 Metaspace       used 102899K, committed 103680K, reserved 1179648K
  class space    used 13968K, committed 14336K, reserved 1048576K
}
Event: 70.429 GC heap after
{Heap after GC invocations=67 (full 0):
 garbage-first heap   total 162816K, used 105169K [0x0000000080000000, 0x0000000100000000)
  region size 1024K, 2 young (2048K), 2 survivors (2048K)
 Metaspace       used 102899K, committed 103680K, reserved 1179648K
  class space    used 13968K, committed 14336K, reserved 1048576K
}
Event: 70.615 GC heap before
{Heap before GC invocations=67 (full 0):
 garbage-first heap   total 162816K, used 133841K [0x0000000080000000, 0x0000000100000000)
  region size 1024K, 31 young (31744K), 2 survivors (2048K)
 Metaspace       used 103159K, committed 104000K, reserved 1179648K
  class space    used 14005K, committed 14400K, reserved 1048576K
}
Event: 70.619 GC heap after
{Heap after GC invocations=68 (full 0):
 garbage-first heap   total 162816K, used 111424K [0x0000000080000000, 0x0000000100000000)
  region size 1024K, 4 young (4096K), 4 survivors (4096K)
 Metaspace       used 103159K, committed 104000K, reserved 1179648K
  class space    used 14005K, committed 14400K, reserved 1048576K
}
Event: 70.840 GC heap before
{Heap before GC invocations=68 (full 0):
 garbage-first heap   total 162816K, used 133952K [0x0000000080000000, 0x0000000100000000)
  region size 1024K, 27 young (27648K), 4 survivors (4096K)
 Metaspace       used 103683K, committed 104512K, reserved 1179648K
  class space    used 14087K, committed 14464K, reserved 1048576K
}
Event: 70.844 GC heap after
{Heap after GC invocations=69 (full 0):
 garbage-first heap   total 162816K, used 115207K [0x0000000080000000, 0x0000000100000000)
  region size 1024K, 4 young (4096K), 4 survivors (4096K)
 Metaspace       used 103683K, committed 104512K, reserved 1179648K
  class space    used 14087K, committed 14464K, reserved 1048576K
}
Event: 71.433 GC heap before
{Heap before GC invocations=69 (full 0):
 garbage-first heap   total 162816K, used 133639K [0x0000000080000000, 0x0000000100000000)
  region size 1024K, 23 young (23552K), 4 survivors (4096K)
 Metaspace       used 105492K, committed 106304K, reserved 1179648K
  class space    used 14369K, committed 14720K, reserved 1048576K
}
Event: 71.438 GC heap after
{Heap after GC invocations=70 (full 0):
 garbage-first heap   total 162816K, used 114414K [0x0000000080000000, 0x0000000100000000)
  region size 1024K, 2 young (2048K), 2 survivors (2048K)
 Metaspace       used 105492K, committed 106304K, reserved 1179648K
  class space    used 14369K, committed 14720K, reserved 1048576K
}
Event: 71.860 GC heap before
{Heap before GC invocations=70 (full 0):
 garbage-first heap   total 162816K, used 133870K [0x0000000080000000, 0x0000000100000000)
  region size 1024K, 22 young (22528K), 2 survivors (2048K)
 Metaspace       used 107213K, committed 107968K, reserved 1179648K
  class space    used 14627K, committed 14976K, reserved 1048576K
}
Event: 71.867 GC heap after
{Heap after GC invocations=71 (full 0):
 garbage-first heap   total 162816K, used 115941K [0x0000000080000000, 0x0000000100000000)
  region size 1024K, 3 young (3072K), 3 survivors (3072K)
 Metaspace       used 107213K, committed 107968K, reserved 1179648K
  class space    used 14627K, committed 14976K, reserved 1048576K
}
Event: 72.048 GC heap before
{Heap before GC invocations=71 (full 0):
 garbage-first heap   total 162816K, used 136421K [0x0000000080000000, 0x0000000100000000)
  region size 1024K, 23 young (23552K), 3 survivors (3072K)
 Metaspace       used 107763K, committed 108608K, reserved 1179648K
  class space    used 14685K, committed 15040K, reserved 1048576K
}
Event: 72.057 GC heap after
{Heap after GC invocations=72 (full 0):
 garbage-first heap   total 195584K, used 119768K [0x0000000080000000, 0x0000000100000000)
  region size 1024K, 3 young (3072K), 3 survivors (3072K)
 Metaspace       used 107763K, committed 108608K, reserved 1179648K
  class space    used 14685K, committed 15040K, reserved 1048576K
}
Event: 72.288 GC heap before
{Heap before GC invocations=72 (full 0):
 garbage-first heap   total 195584K, used 157656K [0x0000000080000000, 0x0000000100000000)
  region size 1024K, 40 young (40960K), 3 survivors (3072K)
 Metaspace       used 108138K, committed 108992K, reserved 1179648K
  class space    used 14751K, committed 15104K, reserved 1048576K
}
Event: 72.298 GC heap after
{Heap after GC invocations=73 (full 0):
 garbage-first heap   total 195584K, used 127254K [0x0000000080000000, 0x0000000100000000)
  region size 1024K, 5 young (5120K), 5 survivors (5120K)
 Metaspace       used 108138K, committed 108992K, reserved 1179648K
  class space    used 14751K, committed 15104K, reserved 1048576K
}
Event: 72.436 GC heap before
{Heap before GC invocations=73 (full 0):
 garbage-first heap   total 195584K, used 158998K [0x0000000080000000, 0x0000000100000000)
  region size 1024K, 36 young (36864K), 5 survivors (5120K)
 Metaspace       used 108673K, committed 109504K, reserved 1179648K
  class space    used 14852K, committed 15232K, reserved 1048576K
}
Event: 72.448 GC heap after
{Heap after GC invocations=74 (full 0):
 garbage-first heap   total 195584K, used 132890K [0x0000000080000000, 0x0000000100000000)
  region size 1024K, 5 young (5120K), 5 survivors (5120K)
 Metaspace       used 108673K, committed 109504K, reserved 1179648K
  class space    used 14852K, committed 15232K, reserved 1048576K
}
Event: 72.607 GC heap before
{Heap before GC invocations=74 (full 0):
 garbage-first heap   total 195584K, used 161562K [0x0000000080000000, 0x0000000100000000)
  region size 1024K, 33 young (33792K), 5 survivors (5120K)
 Metaspace       used 109164K, committed 110016K, reserved 1179648K
  class space    used 14937K, committed 15296K, reserved 1048576K
}
Event: 72.620 GC heap after
{Heap after GC invocations=75 (full 0):
 garbage-first heap   total 195584K, used 137939K [0x0000000080000000, 0x0000000100000000)
  region size 1024K, 5 young (5120K), 5 survivors (5120K)
 Metaspace       used 109164K, committed 110016K, reserved 1179648K
  class space    used 14937K, committed 15296K, reserved 1048576K
}
Event: 72.826 GC heap before
{Heap before GC invocations=75 (full 0):
 garbage-first heap   total 195584K, used 162515K [0x0000000080000000, 0x0000000100000000)
  region size 1024K, 29 young (29696K), 5 survivors (5120K)
 Metaspace       used 109867K, committed 110720K, reserved 1179648K
  class space    used 15055K, committed 15424K, reserved 1048576K
}

