# JRE version: OpenJDK Runtime Environment (17.0.9) (build 17.0.9+0--11185874)
# Java VM: OpenJDK 64-Bit Server VM (17.0.9+0--11185874, mixed mode, tiered, compressed oops, compressed class ptrs, g1 gc, windows-amd64)
GC Precious Log:
 CPUs: 8 total, 8 available
 Memory: 7957M
 Large Page Support: Disabled
 NUMA Support: Disabled
 Compressed Oops: Enabled (32-bit)
 Heap Region Size: 1M
 Heap Min Capacity: 8M
 Heap Initial Capacity: 126M
 Heap Max Capacity: 2G
 Pre-touch: Disabled
 Parallel Workers: 8
 Concurrent Workers: 2
 Concurrent Refinement Workers: 8
 Periodic GC: Disabled
Heap:
 garbage-first heap   total 75776K, used 47645K [0x0000000080000000, 0x0000000100000000)
  region size 1024K, 29 young (29696K), 4 survivors (4096K)
 Metaspace       used 33708K, committed 34112K, reserved 1114112K
  class space    used 4602K, committed 4800K, reserved 1048576K
GC Heap History (10 events):
Event: 1.704 GC heap before
{Heap before GC invocations=0 (full 0):
 garbage-first heap   total 129024K, used 26624K [0x0000000080000000, 0x0000000100000000)
  region size 1024K, 23 young (23552K), 0 survivors (0K)
 Metaspace       used 10446K, committed 10560K, reserved 1114112K
  class space    used 1079K, committed 1152K, reserved 1048576K
}
Event: 1.730 GC heap after
{Heap after GC invocations=1 (full 0):
 garbage-first heap   total 129024K, used 10465K [0x0000000080000000, 0x0000000100000000)
  region size 1024K, 3 young (3072K), 3 survivors (3072K)
 Metaspace       used 10446K, committed 10560K, reserved 1114112K
  class space    used 1079K, committed 1152K, reserved 1048576K
}
Event: 2.889 GC heap before
{Heap before GC invocations=1 (full 0):
 garbage-first heap   total 129024K, used 38113K [0x0000000080000000, 0x0000000100000000)
  region size 1024K, 30 young (30720K), 3 survivors (3072K)
 Metaspace       used 11484K, committed 11648K, reserved 1114112K
  class space    used 1196K, committed 1280K, reserved 1048576K
}
Event: 2.897 GC heap after
{Heap after GC invocations=2 (full 0):
 garbage-first heap   total 129024K, used 11576K [0x0000000080000000, 0x0000000100000000)
  region size 1024K, 1 young (1024K), 1 survivors (1024K)
 Metaspace       used 11484K, committed 11648K, reserved 1114112K
  class space    used 1196K, committed 1280K, reserved 1048576K
}
Event: 6.084 GC heap before
{Heap before GC invocations=2 (full 0):
 garbage-first heap   total 129024K, used 64824K [0x0000000080000000, 0x0000000100000000)
  region size 1024K, 53 young (54272K), 1 survivors (1024K)
 Metaspace       used 21254K, committed 21504K, reserved 1114112K
  class space    used 2497K, committed 2624K, reserved 1048576K
}
Event: 6.121 GC heap after
{Heap after GC invocations=3 (full 0):
 garbage-first heap   total 129024K, used 19061K [0x0000000080000000, 0x0000000100000000)
  region size 1024K, 9 young (9216K), 9 survivors (9216K)
 Metaspace       used 21254K, committed 21504K, reserved 1114112K
  class space    used 2497K, committed 2624K, reserved 1048576K
}
Event: 8.359 GC heap before
{Heap before GC invocations=4 (full 0):
 garbage-first heap   total 75776K, used 53877K [0x0000000080000000, 0x0000000100000000)
  region size 1024K, 44 young (45056K), 9 survivors (9216K)
 Metaspace       used 26829K, committed 27136K, reserved 1114112K
  class space    used 3462K, committed 3584K, reserved 1048576K
}
Event: 8.368 GC heap after
{Heap after GC invocations=5 (full 0):
 garbage-first heap   total 75776K, used 21540K [0x0000000080000000, 0x0000000100000000)
  region size 1024K, 3 young (3072K), 3 survivors (3072K)
 Metaspace       used 26829K, committed 27136K, reserved 1114112K
  class space    used 3462K, committed 3584K, reserved 1048576K
}
Event: 10.163 GC heap before
{Heap before GC invocations=5 (full 0):
 garbage-first heap   total 75776K, used 50212K [0x0000000080000000, 0x0000000100000000)
  region size 1024K, 32 young (32768K), 3 survivors (3072K)
 Metaspace       used 30821K, committed 31104K, reserved 1114112K
  class space    used 4110K, committed 4224K, reserved 1048576K
}
Event: 10.170 GC heap after
{Heap after GC invocations=6 (full 0):
 garbage-first heap   total 75776K, used 23069K [0x0000000080000000, 0x0000000100000000)
  region size 1024K, 4 young (4096K), 4 survivors (4096K)
 Metaspace       used 30821K, committed 31104K, reserved 1114112K
  class space    used 4110K, committed 4224K, reserved 1048576K
}

